Determining if the pthread_create exist failed with the following output:
Change Dir: /home/nvidia/Shu_openCV/Stitch/CMakeFiles/CMakeTmp

Run Build Command:"/usr/bin/make" "cmTC_21195/fast"
/usr/bin/make -f CMakeFiles/cmTC_21195.dir/build.make CMakeFiles/cmTC_21195.dir/build
make[1]: Entering directory '/home/nvidia/Shu_openCV/Stitch/CMakeFiles/CMakeTmp'
Building C object CMakeFiles/cmTC_21195.dir/CheckSymbolExists.c.o
/usr/bin/cc    -fPIC    -o CMakeFiles/cmTC_21195.dir/CheckSymbolExists.c.o   -c /home/nvidia/Shu_openCV/Stitch/CMakeFiles/CMakeTmp/CheckSymbolExists.c
Linking C executable cmTC_21195
/usr/bin/cmake -E cmake_link_script CMakeFiles/cmTC_21195.dir/link.txt --verbose=1
/usr/bin/cc  -fPIC     CMakeFiles/cmTC_21195.dir/CheckSymbolExists.c.o  -o cmTC_21195 -rdynamic 
CMakeFiles/cmTC_21195.dir/CheckSymbolExists.c.o: In function `main':
CheckSymbolExists.c:(.text+0x14): undefined reference to `pthread_create'
CheckSymbolExists.c:(.text+0x18): undefined reference to `pthread_create'
collect2: error: ld returned 1 exit status
CMakeFiles/cmTC_21195.dir/build.make:97: recipe for target 'cmTC_21195' failed
make[1]: *** [cmTC_21195] Error 1
make[1]: Leaving directory '/home/nvidia/Shu_openCV/Stitch/CMakeFiles/CMakeTmp'
Makefile:126: recipe for target 'cmTC_21195/fast' failed
make: *** [cmTC_21195/fast] Error 2

File /home/nvidia/Shu_openCV/Stitch/CMakeFiles/CMakeTmp/CheckSymbolExists.c:
/* */
#include <pthread.h>

int main(int argc, char** argv)
{
  (void)argv;
#ifndef pthread_create
  return ((int*)(&pthread_create))[argc];
#else
  (void)argc;
  return 0;
#endif
}

Determining if the function pthread_create exists in the pthreads failed with the following output:
Change Dir: /home/nvidia/Shu_openCV/Stitch/CMakeFiles/CMakeTmp

Run Build Command:"/usr/bin/make" "cmTC_2ea76/fast"
/usr/bin/make -f CMakeFiles/cmTC_2ea76.dir/build.make CMakeFiles/cmTC_2ea76.dir/build
make[1]: Entering directory '/home/nvidia/Shu_openCV/Stitch/CMakeFiles/CMakeTmp'
Building C object CMakeFiles/cmTC_2ea76.dir/CheckFunctionExists.c.o
/usr/bin/cc    -fPIC -DCHECK_FUNCTION_EXISTS=pthread_create   -o CMakeFiles/cmTC_2ea76.dir/CheckFunctionExists.c.o   -c /usr/share/cmake-3.5/Modules/CheckFunctionExists.c
Linking C executable cmTC_2ea76
/usr/bin/cmake -E cmake_link_script CMakeFiles/cmTC_2ea76.dir/link.txt --verbose=1
/usr/bin/cc  -fPIC -DCHECK_FUNCTION_EXISTS=pthread_create    CMakeFiles/cmTC_2ea76.dir/CheckFunctionExists.c.o  -o cmTC_2ea76 -rdynamic -lpthreads 
/usr/bin/ld: cannot find -lpthreads
collect2: error: ld returned 1 exit status
CMakeFiles/cmTC_2ea76.dir/build.make:97: recipe for target 'cmTC_2ea76' failed
make[1]: *** [cmTC_2ea76] Error 1
make[1]: Leaving directory '/home/nvidia/Shu_openCV/Stitch/CMakeFiles/CMakeTmp'
Makefile:126: recipe for target 'cmTC_2ea76/fast' failed
make: *** [cmTC_2ea76/fast] Error 2


