This is pdfTeX, Version 3.14159265-2.6-1.40.17 (TeX Live 2016) (preloaded format=latex 2016.10.17)  27 OCT 2017 22:50
entering extended mode
 restricted \write18 enabled.
 %&-line parsing enabled.
**requirements_group51.tex
(./requirements_group51.tex
LaTeX2e <2016/03/31> patch level 3
Babel <3.9r> and hyphenation patterns for 83 language(s) loaded.

(/nfs/guille/a2/rh80apps/tex_live/tex_live-2016/texmf-dist/tex/latex/base/repor
t.cls
Document Class: report 2014/09/29 v1.4h Standard LaTeX document class

(/nfs/guille/a2/rh80apps/tex_live/tex_live-2016/texmf-dist/tex/latex/base/size1
0.clo
File: size10.clo 2014/09/29 v1.4h Standard LaTeX file (size option)
)
\c@part=\count79
\c@chapter=\count80
\c@section=\count81
\c@subsection=\count82
\c@subsubsection=\count83
\c@paragraph=\count84
\c@subparagraph=\count85
\c@figure=\count86
\c@table=\count87
\abovecaptionskip=\skip41
\belowcaptionskip=\skip42
\bibindent=\dimen102
) (./requirements_group51.aux)
\openout1 = `requirements_group51.aux'.

LaTeX Font Info:    Checking defaults for OML/cmm/m/it on input line 9.
LaTeX Font Info:    ... okay on input line 9.
LaTeX Font Info:    Checking defaults for T1/cmr/m/n on input line 9.
LaTeX Font Info:    ... okay on input line 9.
LaTeX Font Info:    Checking defaults for OT1/cmr/m/n on input line 9.
LaTeX Font Info:    ... okay on input line 9.
LaTeX Font Info:    Checking defaults for OMS/cmsy/m/n on input line 9.
LaTeX Font Info:    ... okay on input line 9.
LaTeX Font Info:    Checking defaults for OMX/cmex/m/n on input line 9.
LaTeX Font Info:    ... okay on input line 9.
LaTeX Font Info:    Checking defaults for U/cmr/m/n on input line 9.
LaTeX Font Info:    ... okay on input line 9.
LaTeX Font Info:    External font `cmex10' loaded for size
(Font)              <12> on input line 10.
LaTeX Font Info:    External font `cmex10' loaded for size
(Font)              <8> on input line 10.
LaTeX Font Info:    External font `cmex10' loaded for size
(Font)              <6> on input line 10.
 [1

]
Missing character: There is no â in font cmr10!
Missing character: There is no € in font cmr10!
Missing character: There is no ™ in font cmr10!
 [1] [2]
Missing character: There is no â in font cmr10!
Missing character: There is no € in font cmr10!
Missing character: There is no ™ in font cmr10!
 [3]
(./requirements_group51.aux) ) 
Here is how much of TeX's memory you used:
 247 strings out of 493014
 2867 string characters out of 6122796
 57629 words of memory out of 5000000
 3867 multiletter control sequences out of 15000+600000
 7895 words of font info for 28 fonts, out of 8000000 for 9000
 1141 hyphenation exceptions out of 8191
 23i,6n,17p,586b,179s stack positions out of 5000i,500n,10000p,200000b,80000s

Output written on requirements_group51.dvi (4 pages, 8616 bytes).
