\BOOKMARK [1][-]{section.1}{Introduction}{}% 1
\BOOKMARK [2][-]{subsection.1.1}{Purpose}{section.1}% 2
\BOOKMARK [2][-]{subsection.1.2}{Scope}{section.1}% 3
\BOOKMARK [2][-]{subsection.1.3}{Definitions, Acronyms, Abbreviations}{section.1}% 4
\BOOKMARK [3][-]{subsubsection.1.3.1}{Definitions}{subsection.1.3}% 5
\BOOKMARK [3][-]{subsubsection.1.3.2}{Acronyms}{subsection.1.3}% 6
\BOOKMARK [2][-]{subsection.1.4}{Overview}{section.1}% 7
\BOOKMARK [1][-]{section.2}{Overall Description}{}% 8
\BOOKMARK [2][-]{subsection.2.1}{Product Perspective}{section.2}% 9
\BOOKMARK [2][-]{subsection.2.2}{Product Functions}{section.2}% 10
\BOOKMARK [2][-]{subsection.2.3}{Constraints}{section.2}% 11
\BOOKMARK [2][-]{subsection.2.4}{Assumptions \046 Dependencies}{section.2}% 12
\BOOKMARK [1][-]{section.3}{Specific Requirements}{}% 13
\BOOKMARK [2][-]{subsection.3.1}{Hardware Specifications}{section.3}% 14
\BOOKMARK [3][-]{subsubsection.3.1.1}{NVIDIA Jetson TX1/2}{subsection.3.1}% 15
\BOOKMARK [3][-]{subsubsection.3.1.2}{Carrier Board}{subsection.3.1}% 16
\BOOKMARK [3][-]{subsubsection.3.1.3}{Cameras}{subsection.3.1}% 17
\BOOKMARK [2][-]{subsection.3.2}{Software Specifications}{section.3}% 18
\BOOKMARK [1][-]{section.4}{Development Schedule}{}% 19
\BOOKMARK [2][-]{subsection.4.1}{Development Schedule Tasks}{section.4}% 20
