\BOOKMARK [1][-]{section.1}{Data storage}{}% 1
\BOOKMARK [2][-]{subsection.1.1}{Overview}{section.1}% 2
\BOOKMARK [2][-]{subsection.1.2}{Criteria}{section.1}% 3
\BOOKMARK [2][-]{subsection.1.3}{Potential Choices}{section.1}% 4
\BOOKMARK [3][-]{subsubsection.1.3.1}{eMMC}{subsection.1.3}% 5
\BOOKMARK [3][-]{subsubsection.1.3.2}{SDIO}{subsection.1.3}% 6
\BOOKMARK [3][-]{subsubsection.1.3.3}{SATA}{subsection.1.3}% 7
\BOOKMARK [2][-]{subsection.1.4}{Discussion}{section.1}% 8
\BOOKMARK [2][-]{subsection.1.5}{Conclusion}{section.1}% 9
\BOOKMARK [1][-]{section.2}{Image processing software}{}% 10
\BOOKMARK [2][-]{subsection.2.1}{Overview}{section.2}% 11
\BOOKMARK [2][-]{subsection.2.2}{Criteria}{section.2}% 12
\BOOKMARK [2][-]{subsection.2.3}{Potential Choices}{section.2}% 13
\BOOKMARK [3][-]{subsubsection.2.3.1}{CUDA}{subsection.2.3}% 14
\BOOKMARK [3][-]{subsubsection.2.3.2}{OpenCV}{subsection.2.3}% 15
\BOOKMARK [3][-]{subsubsection.2.3.3}{OpenGL}{subsection.2.3}% 16
\BOOKMARK [2][-]{subsection.2.4}{Discussion}{section.2}% 17
\BOOKMARK [2][-]{subsection.2.5}{Conclusion}{section.2}% 18
\BOOKMARK [1][-]{section.3}{Media streaming}{}% 19
\BOOKMARK [2][-]{subsection.3.1}{Overview}{section.3}% 20
\BOOKMARK [2][-]{subsection.3.2}{Criteria}{section.3}% 21
\BOOKMARK [2][-]{subsection.3.3}{Potential Choices}{section.3}% 22
\BOOKMARK [3][-]{subsubsection.3.3.1}{GStreamer}{subsection.3.3}% 23
\BOOKMARK [3][-]{subsubsection.3.3.2}{FFMpeg}{subsection.3.3}% 24
\BOOKMARK [3][-]{subsubsection.3.3.3}{MEncoder}{subsection.3.3}% 25
\BOOKMARK [2][-]{subsection.3.4}{Discussion}{section.3}% 26
\BOOKMARK [2][-]{subsection.3.5}{Conclusion}{section.3}% 27
\BOOKMARK [1][-]{section*.2}{References}{}% 28
